<testsuite failures="0" name="src/test/java/featurefiles/karate06.feature" skipped="0" tests="1" time="0.012027">
  <testcase classname="src.test.java.featurefiles.karate06" name="Karate Test case 1" time="0.012027">
    <system-out>* def a = 10 .............................................................. passed
* def b = 20 .............................................................. passed
* assert  a==10  &amp;&amp;  b==20 ................................................ passed</system-out>
  </testcase>
</testsuite>
