[{"line":1,"elements":[{"line":34,"name":"xml test case6","description":"","id":"xml-test-case6","type":"scenario","keyword":"Scenario","steps":[{"name":"def xml =","result":{"duration":1967300,"status":"passed"},"match":{"location":"karate","arguments":[]},"keyword":"Given","line":35,"doc_string":{"content_type":"","value":"<info>\n  <tool>\n  <name>Karate<\/name>\n  <version>0.9.6<\/version>\n  <\/tool>\n  <tool>\n  <name>IntelliJ<\/name>\n  <version>2020.2<\/version>\n  <\/tool>\n  <\/info>\n15:44:12.292 skipping bootstrap configuration: could not find or read file: classpath:karate-config.js","line":35}},{"name":"match (xml\/info\/tool[1]\/name == \"Karate\" ) && (xml\/info\/tool[2]\/name == \"IntelliJ\" )","result":{"duration":3981700,"error_message":"com.intuit.karate.exception.KarateException: karate03.feature:48 - evaluation (js) failed: (xml\/info\/tool[1]\/name, javax.script.ScriptException: <eval>:1:22 Expected ) but found eof\r\n(xml\/info\/tool[1]\/name\r\n                      ^ in <eval> at line number 1 at column number 22\nstack trace: jdk.nashorn.api.scripting.NashornScriptEngine.throwAsScriptException(NashornScriptEngine.java:470)","status":"failed"},"match":{"location":"karate","arguments":[]},"keyword":"*","line":48}]}],"name":"src\/test\/java\/featurefiles\/karate03.feature","description":"Karate Test Suit 3\nValidating the XML Content","id":"karate-test-suit-3","keyword":"Feature","uri":"src\/test\/java\/featurefiles\/karate03.feature"}]