<testsuite failures="0" name="src/test/java/featurefiles/karate19_ActiveMQ2.feature" skipped="0" tests="1" time="1.586131">
  <testcase classname="src.test.java.featurefiles.karate19_ActiveMQ2" name="Producing &amp; Consuming Message" time="1.586131">
    <system-out>* def login = ............................................................. passed
* def waitForMiliseconds = ................................................ passed
* def auth = login("admin", "admin") ...................................... passed
* print auth .............................................................. passed
* configure ssl = false ................................................... passed
* configure followRedirects = false ....................................... passed
Given url "http://192.168.1.62:8161" ...................................... passed
And header Authorization = auth ........................................... passed
Given path "/api/message" ................................................. passed
And param destination = "queue://vijay1.input" ............................ passed
And header Connection = "Keep-Alive" ...................................... passed
And request "Hi, Karate - JMS" ............................................ passed
When method post .......................................................... passed
Then status 200 ........................................................... passed
* assert responseTime &lt;= 3000 ............................................. passed
* print responseCookies ................................................... passed
* def cookieJSId = responseCookies.JSESSIONID ............................. passed
* print cookieJSId ........................................................ passed
* waitForMiliseconds(1000) ................................................ passed
Given path "/api/message/vijay1.input" .................................... passed
And param type = "queue" .................................................. passed
And cookie JSESSIONID = cookieJSId ........................................ passed
And header Accept-Language = "en-US,en;q=0.9" ............................. passed
And header Accept-Encoding = "gzip, deflate" .............................. passed
And header Authorization = auth ........................................... passed
And header Connection = "Keep-Alive" ...................................... passed
And header Accept = "text/html,application/xhtml+xml,application/xml;q=0.9,image/avif,image/webp,image/apng,*/*;q=0.8,application/signed-exchange;v=b3;q=0.9" . passed
And header Cache-Control = "max-age=0" .................................... passed
And header User-Agent = "Mozilla/5.0 (Windows NT 10.0; Win64; x64) AppleWebKit/537.36 (KHTML, like Gecko) Chrome/87.0.4280.88 Safari/537.36" . passed
And header Upgrade-Insecure-Requests = 1 .................................. passed
When method get ........................................................... passed
Then status 200 ........................................................... passed
* print responseType ...................................................... passed
* print response .......................................................... passed
* match response contains "Hi, Karate - JMS" .............................. passed</system-out>
  </testcase>
</testsuite>
