<testsuite failures="0" name="src/test/java/featurefiles/kafka3.feature" skipped="0" tests="8" time="1.529058">
  <testcase classname="src.test.java.featurefiles.kafka3" name="Creating Consumer" time="0.430976">
    <system-out>Given url "http://192.168.1.62:8082" ...................................... passed
Given path "/consumers/my-consumer-group" ................................. passed
And request ............................................................... passed
And header Content-Type = "application/vnd.kafka.json.v2+json" ............ passed
When method post .......................................................... passed
Then status 200 ........................................................... passed
* print response .......................................................... passed
* match response.instance_id == "vijay_consumer" .......................... passed
* def consumer_url = response.base_uri .................................... passed
* print consumer_url ...................................................... passed</system-out>
  </testcase>
  <testcase classname="src.test.java.featurefiles.kafka3" name="Subscribing to topic" time="0.015788">
    <system-out>Given url "http://192.168.1.62:8082" ...................................... passed
Given path "/consumers/my-consumer-group" ................................. passed
And request ............................................................... passed
And header Content-Type = "application/vnd.kafka.json.v2+json" ............ passed
When method post .......................................................... passed
Then status 200 ........................................................... passed
* print response .......................................................... passed
* match response.instance_id == "vijay_consumer" .......................... passed
* def consumer_url = response.base_uri .................................... passed
* print consumer_url ...................................................... passed
Given url "http://192.168.1.62:8082" ...................................... passed
Given path "/consumers/my-consumer-group/instances/vijay_consumer/subscription" . passed
And request ............................................................... passed
And header Content-Type = "application/vnd.kafka.v2+json" ................. passed
When method post .......................................................... passed
Then status 204 ........................................................... passed</system-out>
  </testcase>
  <testcase classname="src.test.java.featurefiles.kafka3" name="Getting Subscription" time="0.022685">
    <system-out>Given url "http://192.168.1.62:8082" ...................................... passed
Given path "/consumers/my-consumer-group" ................................. passed
And request ............................................................... passed
And header Content-Type = "application/vnd.kafka.json.v2+json" ............ passed
When method post .......................................................... passed
Then status 200 ........................................................... passed
* print response .......................................................... passed
* match response.instance_id == "vijay_consumer" .......................... passed
* def consumer_url = response.base_uri .................................... passed
* print consumer_url ...................................................... passed
Given url "http://192.168.1.62:8082" ...................................... passed
Given path "/consumers/my-consumer-group/instances/vijay_consumer/subscription" . passed
And request ............................................................... passed
And header Content-Type = "application/vnd.kafka.v2+json" ................. passed
When method post .......................................................... passed
Then status 204 ........................................................... passed
Given url "http://192.168.1.62:8082" ...................................... passed
Given path "/consumers/my-consumer-group/instances/vijay_consumer/subscription" . passed
And header Accept = "application/vnd.kafka.v2+json" ....................... passed
When method get ........................................................... passed
Then status 200 ........................................................... passed
* print response .......................................................... passed
* assert response.topics[0] == "vijay_topic" .............................. passed</system-out>
  </testcase>
  <testcase classname="src.test.java.featurefiles.kafka3" name="Getting Subscription records" time="1.017681">
    <system-out>Given url "http://192.168.1.62:8082" ...................................... passed
Given path "/consumers/my-consumer-group" ................................. passed
And request ............................................................... passed
And header Content-Type = "application/vnd.kafka.json.v2+json" ............ passed
When method post .......................................................... passed
Then status 200 ........................................................... passed
* print response .......................................................... passed
* match response.instance_id == "vijay_consumer" .......................... passed
* def consumer_url = response.base_uri .................................... passed
* print consumer_url ...................................................... passed
Given url "http://192.168.1.62:8082" ...................................... passed
Given path "/consumers/my-consumer-group/instances/vijay_consumer/subscription" . passed
And request ............................................................... passed
And header Content-Type = "application/vnd.kafka.v2+json" ................. passed
When method post .......................................................... passed
Then status 204 ........................................................... passed
Given url "http://192.168.1.62:8082" ...................................... passed
Given path "/consumers/my-consumer-group/instances/vijay_consumer/subscription" . passed
And header Accept = "application/vnd.kafka.v2+json" ....................... passed
When method get ........................................................... passed
Then status 200 ........................................................... passed
* print response .......................................................... passed
* assert response.topics[0] == "vijay_topic" .............................. passed
Given url "http://192.168.1.62:8082" ...................................... passed
Given path "/consumers/my-consumer-group/instances/vijay_consumer/records" . passed
And param timeout = 3000 .................................................. passed
And param max_bytes = 300000 .............................................. passed
And header Accept = "application/vnd.kafka.json.v2+json" .................. passed
When method get ........................................................... passed
Then status 200 ........................................................... passed
* print response .......................................................... passed</system-out>
  </testcase>
  <testcase classname="src.test.java.featurefiles.kafka3" name="Getting assigned Assignments" time="0.01376">
    <system-out>Given url "http://192.168.1.62:8082" ...................................... passed
Given path "/consumers/my-consumer-group" ................................. passed
And request ............................................................... passed
And header Content-Type = "application/vnd.kafka.json.v2+json" ............ passed
When method post .......................................................... passed
Then status 200 ........................................................... passed
* print response .......................................................... passed
* match response.instance_id == "vijay_consumer" .......................... passed
* def consumer_url = response.base_uri .................................... passed
* print consumer_url ...................................................... passed
Given url "http://192.168.1.62:8082" ...................................... passed
Given path "/consumers/my-consumer-group/instances/vijay_consumer/subscription" . passed
And request ............................................................... passed
And header Content-Type = "application/vnd.kafka.v2+json" ................. passed
When method post .......................................................... passed
Then status 204 ........................................................... passed
Given url "http://192.168.1.62:8082" ...................................... passed
Given path "/consumers/my-consumer-group/instances/vijay_consumer/subscription" . passed
And header Accept = "application/vnd.kafka.v2+json" ....................... passed
When method get ........................................................... passed
Then status 200 ........................................................... passed
* print response .......................................................... passed
* assert response.topics[0] == "vijay_topic" .............................. passed
Given url "http://192.168.1.62:8082" ...................................... passed
Given path "/consumers/my-consumer-group/instances/vijay_consumer/records" . passed
And param timeout = 3000 .................................................. passed
And param max_bytes = 300000 .............................................. passed
And header Accept = "application/vnd.kafka.json.v2+json" .................. passed
When method get ........................................................... passed
Then status 200 ........................................................... passed
* print response .......................................................... passed
Given url "http://192.168.1.62:8082" ...................................... passed
Given path "/consumers/my-consumer-group/instances/vijay_consumer/assignments" . passed
And header Accept = "application/vnd.kafka.v2+json" ....................... passed
When method get ........................................................... passed
Then status 200 ........................................................... passed
* print response .......................................................... passed
* assert response.partitions[0].topic == "vijay_topic" .................... passed</system-out>
  </testcase>
  <testcase classname="src.test.java.featurefiles.kafka3" name="Deleting assigned subscription" time="0.007947">
    <system-out>Given url "http://192.168.1.62:8082" ...................................... passed
Given path "/consumers/my-consumer-group" ................................. passed
And request ............................................................... passed
And header Content-Type = "application/vnd.kafka.json.v2+json" ............ passed
When method post .......................................................... passed
Then status 200 ........................................................... passed
* print response .......................................................... passed
* match response.instance_id == "vijay_consumer" .......................... passed
* def consumer_url = response.base_uri .................................... passed
* print consumer_url ...................................................... passed
Given url "http://192.168.1.62:8082" ...................................... passed
Given path "/consumers/my-consumer-group/instances/vijay_consumer/subscription" . passed
And request ............................................................... passed
And header Content-Type = "application/vnd.kafka.v2+json" ................. passed
When method post .......................................................... passed
Then status 204 ........................................................... passed
Given url "http://192.168.1.62:8082" ...................................... passed
Given path "/consumers/my-consumer-group/instances/vijay_consumer/subscription" . passed
And header Accept = "application/vnd.kafka.v2+json" ....................... passed
When method get ........................................................... passed
Then status 200 ........................................................... passed
* print response .......................................................... passed
* assert response.topics[0] == "vijay_topic" .............................. passed
Given url "http://192.168.1.62:8082" ...................................... passed
Given path "/consumers/my-consumer-group/instances/vijay_consumer/records" . passed
And param timeout = 3000 .................................................. passed
And param max_bytes = 300000 .............................................. passed
And header Accept = "application/vnd.kafka.json.v2+json" .................. passed
When method get ........................................................... passed
Then status 200 ........................................................... passed
* print response .......................................................... passed
Given url "http://192.168.1.62:8082" ...................................... passed
Given path "/consumers/my-consumer-group/instances/vijay_consumer/assignments" . passed
And header Accept = "application/vnd.kafka.v2+json" ....................... passed
When method get ........................................................... passed
Then status 200 ........................................................... passed
* print response .......................................................... passed
* assert response.partitions[0].topic == "vijay_topic" .................... passed
Given url "http://192.168.1.62:8082" ...................................... passed
Given path "/consumers/my-consumer-group/instances/vijay_consumer/subscription" . passed
And header Accept = "application/vnd.kafka.v2+json" ....................... passed
When method delete ........................................................ passed
Then status 204 ........................................................... passed</system-out>
  </testcase>
  <testcase classname="src.test.java.featurefiles.kafka3" name="Deleting consumer" time="0.010373">
    <system-out>Given url "http://192.168.1.62:8082" ...................................... passed
Given path "/consumers/my-consumer-group" ................................. passed
And request ............................................................... passed
And header Content-Type = "application/vnd.kafka.json.v2+json" ............ passed
When method post .......................................................... passed
Then status 200 ........................................................... passed
* print response .......................................................... passed
* match response.instance_id == "vijay_consumer" .......................... passed
* def consumer_url = response.base_uri .................................... passed
* print consumer_url ...................................................... passed
Given url "http://192.168.1.62:8082" ...................................... passed
Given path "/consumers/my-consumer-group/instances/vijay_consumer/subscription" . passed
And request ............................................................... passed
And header Content-Type = "application/vnd.kafka.v2+json" ................. passed
When method post .......................................................... passed
Then status 204 ........................................................... passed
Given url "http://192.168.1.62:8082" ...................................... passed
Given path "/consumers/my-consumer-group/instances/vijay_consumer/subscription" . passed
And header Accept = "application/vnd.kafka.v2+json" ....................... passed
When method get ........................................................... passed
Then status 200 ........................................................... passed
* print response .......................................................... passed
* assert response.topics[0] == "vijay_topic" .............................. passed
Given url "http://192.168.1.62:8082" ...................................... passed
Given path "/consumers/my-consumer-group/instances/vijay_consumer/records" . passed
And param timeout = 3000 .................................................. passed
And param max_bytes = 300000 .............................................. passed
And header Accept = "application/vnd.kafka.json.v2+json" .................. passed
When method get ........................................................... passed
Then status 200 ........................................................... passed
* print response .......................................................... passed
Given url "http://192.168.1.62:8082" ...................................... passed
Given path "/consumers/my-consumer-group/instances/vijay_consumer/assignments" . passed
And header Accept = "application/vnd.kafka.v2+json" ....................... passed
When method get ........................................................... passed
Then status 200 ........................................................... passed
* print response .......................................................... passed
* assert response.partitions[0].topic == "vijay_topic" .................... passed
Given url "http://192.168.1.62:8082" ...................................... passed
Given path "/consumers/my-consumer-group/instances/vijay_consumer/subscription" . passed
And header Accept = "application/vnd.kafka.v2+json" ....................... passed
When method delete ........................................................ passed
Then status 204 ........................................................... passed
Given url "http://192.168.1.62:8082" ...................................... passed
Given path "/consumers/my-consumer-group/instances/vijay_consumer" ........ passed
And header Accept = "application/vnd.kafka.v2+json" ....................... passed
When method delete ........................................................ passed
Then status 204 ........................................................... passed</system-out>
  </testcase>
  <testcase classname="src.test.java.featurefiles.kafka3" name="Deleting consumer - Negative Test Case" time="0.009849">
    <system-out>Given url "http://192.168.1.62:8082" ...................................... passed
Given path "/consumers/my-consumer-group" ................................. passed
And request ............................................................... passed
And header Content-Type = "application/vnd.kafka.json.v2+json" ............ passed
When method post .......................................................... passed
Then status 200 ........................................................... passed
* print response .......................................................... passed
* match response.instance_id == "vijay_consumer" .......................... passed
* def consumer_url = response.base_uri .................................... passed
* print consumer_url ...................................................... passed
Given url "http://192.168.1.62:8082" ...................................... passed
Given path "/consumers/my-consumer-group/instances/vijay_consumer/subscription" . passed
And request ............................................................... passed
And header Content-Type = "application/vnd.kafka.v2+json" ................. passed
When method post .......................................................... passed
Then status 204 ........................................................... passed
Given url "http://192.168.1.62:8082" ...................................... passed
Given path "/consumers/my-consumer-group/instances/vijay_consumer/subscription" . passed
And header Accept = "application/vnd.kafka.v2+json" ....................... passed
When method get ........................................................... passed
Then status 200 ........................................................... passed
* print response .......................................................... passed
* assert response.topics[0] == "vijay_topic" .............................. passed
Given url "http://192.168.1.62:8082" ...................................... passed
Given path "/consumers/my-consumer-group/instances/vijay_consumer/records" . passed
And param timeout = 3000 .................................................. passed
And param max_bytes = 300000 .............................................. passed
And header Accept = "application/vnd.kafka.json.v2+json" .................. passed
When method get ........................................................... passed
Then status 200 ........................................................... passed
* print response .......................................................... passed
Given url "http://192.168.1.62:8082" ...................................... passed
Given path "/consumers/my-consumer-group/instances/vijay_consumer/assignments" . passed
And header Accept = "application/vnd.kafka.v2+json" ....................... passed
When method get ........................................................... passed
Then status 200 ........................................................... passed
* print response .......................................................... passed
* assert response.partitions[0].topic == "vijay_topic" .................... passed
Given url "http://192.168.1.62:8082" ...................................... passed
Given path "/consumers/my-consumer-group/instances/vijay_consumer/subscription" . passed
And header Accept = "application/vnd.kafka.v2+json" ....................... passed
When method delete ........................................................ passed
Then status 204 ........................................................... passed
Given url "http://192.168.1.62:8082" ...................................... passed
Given path "/consumers/my-consumer-group/instances/vijay_consumer" ........ passed
And header Accept = "application/vnd.kafka.v2+json" ....................... passed
When method delete ........................................................ passed
Then status 204 ........................................................... passed
Given url "http://192.168.1.62:8082" ...................................... passed
Given path "/consumers/my-consumer-group/instances/vijay_consumer" ........ passed
And header Accept = "application/vnd.kafka.v2+json" ....................... passed
When method delete ........................................................ passed
Then status 404 ........................................................... passed
* assert response.message == "Consumer instance not found." ............... passed</system-out>
  </testcase>
</testsuite>
