<testsuite failures="5" name="featurefiles/kafka3.feature" skipped="0" tests="8" time="2.544941">
  <testcase classname="featurefiles.kafka3" name="Creating Consumer" time="0.461156">
    <system-out>Given url "http://192.168.1.62:8082" ...................................... passed
Given path "/consumers/my-consumer-group" ................................. passed
And request ............................................................... passed
And header Content-Type = "application/vnd.kafka.json.v2+json" ............ passed
When method post .......................................................... passed
Then status 200 ........................................................... passed
* print response .......................................................... passed
* match response.instance_id == "vijay_consumer" .......................... passed
* def consumer_url = response.base_uri .................................... passed
* print consumer_url ...................................................... passed</system-out>
  </testcase>
  <testcase classname="featurefiles.kafka3" name="Subscribing to topic" time="0.437338">
    <failure message="kafka3.feature:38 - status code was: 404, expected: 204, response time: 47, url: http://192.168.1.62:8082/consumers/my-consumer-group/instances/vijay_consumer/subscription, response: {&quot;error_code&quot;:40403,&quot;message&quot;:&quot;Consumer instance not found.&quot;}">Given url "http://192.168.1.62:8082" ...................................... passed
Given path "/consumers/my-consumer-group" ................................. passed
And request ............................................................... passed
And header Content-Type = "application/vnd.kafka.json.v2+json" ............ passed
When method post .......................................................... passed
Then status 200 ........................................................... passed
* print response .......................................................... passed
* match response.instance_id == "vijay_consumer" .......................... passed
* def consumer_url = response.base_uri .................................... passed
* print consumer_url ...................................................... passed
Given url "http://192.168.1.62:8082" ...................................... passed
Given path "/consumers/my-consumer-group/instances/vijay_consumer/subscription" . passed
And request ............................................................... passed
And header Content-Type = "application/vnd.kafka.v2+json" ................. passed
When method post .......................................................... passed
Then status 204 ........................................................... failed

Stack Trace:
com.intuit.karate.exception.KarateException: kafka3.feature:38 - status code was: 404, expected: 204, response time: 47, url: http://192.168.1.62:8082/consumers/my-consumer-group/instances/vijay_consumer/subscription, response: {"error_code":40403,"message":"Consumer instance not found."}&#13;
	at ✽.Then status 204 (kafka3.feature:38)</failure>
  </testcase>
  <testcase classname="featurefiles.kafka3" name="Getting Subscription" time="0.441846">
    <failure message="kafka3.feature:46 - status code was: 404, expected: 200, response time: 32, url: http://192.168.1.62:8082/consumers/my-consumer-group/instances/vijay_consumer/subscription, response: {&quot;error_code&quot;:40403,&quot;message&quot;:&quot;Consumer instance not found.&quot;}">Given url "http://192.168.1.62:8082" ...................................... passed
Given path "/consumers/my-consumer-group" ................................. passed
And request ............................................................... passed
And header Content-Type = "application/vnd.kafka.json.v2+json" ............ passed
When method post .......................................................... passed
Then status 200 ........................................................... passed
* print response .......................................................... passed
* match response.instance_id == "vijay_consumer" .......................... passed
* def consumer_url = response.base_uri .................................... passed
* print consumer_url ...................................................... passed
Given url "http://192.168.1.62:8082" ...................................... passed
Given path "/consumers/my-consumer-group/instances/vijay_consumer/subscription" . passed
And request ............................................................... passed
And header Content-Type = "application/vnd.kafka.v2+json" ................. passed
When method post .......................................................... passed
Then status 204 ........................................................... failed

Stack Trace:
com.intuit.karate.exception.KarateException: kafka3.feature:38 - status code was: 404, expected: 204, response time: 47, url: http://192.168.1.62:8082/consumers/my-consumer-group/instances/vijay_consumer/subscription, response: {"error_code":40403,"message":"Consumer instance not found."}&#13;
	at ✽.Then status 204 (kafka3.feature:38)&#13;

Given url "http://192.168.1.62:8082" ...................................... passed
Given path "/consumers/my-consumer-group/instances/vijay_consumer/subscription" . passed
And header Accept = "application/vnd.kafka.v2+json" ....................... passed
When method get ........................................................... passed
Then status 200 ........................................................... failed

Stack Trace:
com.intuit.karate.exception.KarateException: kafka3.feature:46 - status code was: 404, expected: 200, response time: 32, url: http://192.168.1.62:8082/consumers/my-consumer-group/instances/vijay_consumer/subscription, response: {"error_code":40403,"message":"Consumer instance not found."}&#13;
	at ✽.Then status 200 (kafka3.feature:46)&#13;

* print response .......................................................... skipped
* assert response.topics[0] == "vijay_topic" .............................. skipped</failure>
  </testcase>
  <testcase classname="featurefiles.kafka3" name="Getting Subscription records" time="0.416984">
    <failure message="kafka3.feature:57 - status code was: 404, expected: 200, response time: 25, url: http://192.168.1.62:8082/consumers/my-consumer-group/instances/vijay_consumer/records?timeout=3000&amp;max_bytes=300000, response: {&quot;error_code&quot;:40403,&quot;message&quot;:&quot;Consumer instance not found.&quot;}">Given url "http://192.168.1.62:8082" ...................................... passed
Given path "/consumers/my-consumer-group" ................................. passed
And request ............................................................... passed
And header Content-Type = "application/vnd.kafka.json.v2+json" ............ passed
When method post .......................................................... passed
Then status 200 ........................................................... passed
* print response .......................................................... passed
* match response.instance_id == "vijay_consumer" .......................... passed
* def consumer_url = response.base_uri .................................... passed
* print consumer_url ...................................................... passed
Given url "http://192.168.1.62:8082" ...................................... passed
Given path "/consumers/my-consumer-group/instances/vijay_consumer/subscription" . passed
And request ............................................................... passed
And header Content-Type = "application/vnd.kafka.v2+json" ................. passed
When method post .......................................................... passed
Then status 204 ........................................................... failed

Stack Trace:
com.intuit.karate.exception.KarateException: kafka3.feature:38 - status code was: 404, expected: 204, response time: 47, url: http://192.168.1.62:8082/consumers/my-consumer-group/instances/vijay_consumer/subscription, response: {"error_code":40403,"message":"Consumer instance not found."}&#13;
	at ✽.Then status 204 (kafka3.feature:38)&#13;

Given url "http://192.168.1.62:8082" ...................................... passed
Given path "/consumers/my-consumer-group/instances/vijay_consumer/subscription" . passed
And header Accept = "application/vnd.kafka.v2+json" ....................... passed
When method get ........................................................... passed
Then status 200 ........................................................... failed

Stack Trace:
com.intuit.karate.exception.KarateException: kafka3.feature:46 - status code was: 404, expected: 200, response time: 32, url: http://192.168.1.62:8082/consumers/my-consumer-group/instances/vijay_consumer/subscription, response: {"error_code":40403,"message":"Consumer instance not found."}&#13;
	at ✽.Then status 200 (kafka3.feature:46)&#13;

* print response .......................................................... skipped
* assert response.topics[0] == "vijay_topic" .............................. skipped
Given url "http://192.168.1.62:8082" ...................................... passed
Given path "/consumers/my-consumer-group/instances/vijay_consumer/records" . passed
And param timeout = 3000 .................................................. passed
And param max_bytes = 300000 .............................................. passed
And header Accept = "application/vnd.kafka.json.v2+json" .................. passed
When method get ........................................................... passed
Then status 200 ........................................................... failed

Stack Trace:
com.intuit.karate.exception.KarateException: kafka3.feature:57 - status code was: 404, expected: 200, response time: 25, url: http://192.168.1.62:8082/consumers/my-consumer-group/instances/vijay_consumer/records?timeout=3000&amp;max_bytes=300000, response: {"error_code":40403,"message":"Consumer instance not found."}&#13;
	at ✽.Then status 200 (kafka3.feature:57)&#13;

* print response .......................................................... skipped</failure>
  </testcase>
  <testcase classname="featurefiles.kafka3" name="Getting assigned Assignments" time="0.423102">
    <failure message="kafka3.feature:65 - status code was: 404, expected: 200, response time: 32, url: http://192.168.1.62:8082/consumers/my-consumer-group/instances/vijay_consumer/assignments, response: {&quot;error_code&quot;:40403,&quot;message&quot;:&quot;Consumer instance not found.&quot;}">Given url "http://192.168.1.62:8082" ...................................... passed
Given path "/consumers/my-consumer-group" ................................. passed
And request ............................................................... passed
And header Content-Type = "application/vnd.kafka.json.v2+json" ............ passed
When method post .......................................................... passed
Then status 200 ........................................................... passed
* print response .......................................................... passed
* match response.instance_id == "vijay_consumer" .......................... passed
* def consumer_url = response.base_uri .................................... passed
* print consumer_url ...................................................... passed
Given url "http://192.168.1.62:8082" ...................................... passed
Given path "/consumers/my-consumer-group/instances/vijay_consumer/subscription" . passed
And request ............................................................... passed
And header Content-Type = "application/vnd.kafka.v2+json" ................. passed
When method post .......................................................... passed
Then status 204 ........................................................... failed

Stack Trace:
com.intuit.karate.exception.KarateException: kafka3.feature:38 - status code was: 404, expected: 204, response time: 47, url: http://192.168.1.62:8082/consumers/my-consumer-group/instances/vijay_consumer/subscription, response: {"error_code":40403,"message":"Consumer instance not found."}&#13;
	at ✽.Then status 204 (kafka3.feature:38)&#13;

Given url "http://192.168.1.62:8082" ...................................... passed
Given path "/consumers/my-consumer-group/instances/vijay_consumer/subscription" . passed
And header Accept = "application/vnd.kafka.v2+json" ....................... passed
When method get ........................................................... passed
Then status 200 ........................................................... failed

Stack Trace:
com.intuit.karate.exception.KarateException: kafka3.feature:46 - status code was: 404, expected: 200, response time: 32, url: http://192.168.1.62:8082/consumers/my-consumer-group/instances/vijay_consumer/subscription, response: {"error_code":40403,"message":"Consumer instance not found."}&#13;
	at ✽.Then status 200 (kafka3.feature:46)&#13;

* print response .......................................................... skipped
* assert response.topics[0] == "vijay_topic" .............................. skipped
Given url "http://192.168.1.62:8082" ...................................... passed
Given path "/consumers/my-consumer-group/instances/vijay_consumer/records" . passed
And param timeout = 3000 .................................................. passed
And param max_bytes = 300000 .............................................. passed
And header Accept = "application/vnd.kafka.json.v2+json" .................. passed
When method get ........................................................... passed
Then status 200 ........................................................... failed

Stack Trace:
com.intuit.karate.exception.KarateException: kafka3.feature:57 - status code was: 404, expected: 200, response time: 25, url: http://192.168.1.62:8082/consumers/my-consumer-group/instances/vijay_consumer/records?timeout=3000&amp;max_bytes=300000, response: {"error_code":40403,"message":"Consumer instance not found."}&#13;
	at ✽.Then status 200 (kafka3.feature:57)&#13;

* print response .......................................................... skipped
Given url "http://192.168.1.62:8082" ...................................... passed
Given path "/consumers/my-consumer-group/instances/vijay_consumer/assignments" . passed
And header Accept = "application/vnd.kafka.v2+json" ....................... passed
When method get ........................................................... passed
Then status 200 ........................................................... failed

Stack Trace:
com.intuit.karate.exception.KarateException: kafka3.feature:65 - status code was: 404, expected: 200, response time: 32, url: http://192.168.1.62:8082/consumers/my-consumer-group/instances/vijay_consumer/assignments, response: {"error_code":40403,"message":"Consumer instance not found."}&#13;
	at ✽.Then status 200 (kafka3.feature:65)&#13;

* print response .......................................................... skipped
* assert response.partitions[0].topic == "vijay_topic" .................... skipped</failure>
  </testcase>
  <testcase classname="featurefiles.kafka3" name="Deleting assigned subscription" time="0.329545">
    <failure message="kafka3.feature:75 - status code was: 404, expected: 204, response time: 47, url: http://192.168.1.62:8082/consumers/my-consumer-group/instances/vijay_consumer/subscription, response: {&quot;error_code&quot;:40403,&quot;message&quot;:&quot;Consumer instance not found.&quot;}">Given url "http://192.168.1.62:8082" ...................................... passed
Given path "/consumers/my-consumer-group" ................................. passed
And request ............................................................... passed
And header Content-Type = "application/vnd.kafka.json.v2+json" ............ passed
When method post .......................................................... passed
Then status 200 ........................................................... passed
* print response .......................................................... passed
* match response.instance_id == "vijay_consumer" .......................... passed
* def consumer_url = response.base_uri .................................... passed
* print consumer_url ...................................................... passed
Given url "http://192.168.1.62:8082" ...................................... passed
Given path "/consumers/my-consumer-group/instances/vijay_consumer/subscription" . passed
And request ............................................................... passed
And header Content-Type = "application/vnd.kafka.v2+json" ................. passed
When method post .......................................................... passed
Then status 204 ........................................................... failed

Stack Trace:
com.intuit.karate.exception.KarateException: kafka3.feature:38 - status code was: 404, expected: 204, response time: 47, url: http://192.168.1.62:8082/consumers/my-consumer-group/instances/vijay_consumer/subscription, response: {"error_code":40403,"message":"Consumer instance not found."}&#13;
	at ✽.Then status 204 (kafka3.feature:38)&#13;

Given url "http://192.168.1.62:8082" ...................................... passed
Given path "/consumers/my-consumer-group/instances/vijay_consumer/subscription" . passed
And header Accept = "application/vnd.kafka.v2+json" ....................... passed
When method get ........................................................... passed
Then status 200 ........................................................... failed

Stack Trace:
com.intuit.karate.exception.KarateException: kafka3.feature:46 - status code was: 404, expected: 200, response time: 32, url: http://192.168.1.62:8082/consumers/my-consumer-group/instances/vijay_consumer/subscription, response: {"error_code":40403,"message":"Consumer instance not found."}&#13;
	at ✽.Then status 200 (kafka3.feature:46)&#13;

* print response .......................................................... skipped
* assert response.topics[0] == "vijay_topic" .............................. skipped
Given url "http://192.168.1.62:8082" ...................................... passed
Given path "/consumers/my-consumer-group/instances/vijay_consumer/records" . passed
And param timeout = 3000 .................................................. passed
And param max_bytes = 300000 .............................................. passed
And header Accept = "application/vnd.kafka.json.v2+json" .................. passed
When method get ........................................................... passed
Then status 200 ........................................................... failed

Stack Trace:
com.intuit.karate.exception.KarateException: kafka3.feature:57 - status code was: 404, expected: 200, response time: 25, url: http://192.168.1.62:8082/consumers/my-consumer-group/instances/vijay_consumer/records?timeout=3000&amp;max_bytes=300000, response: {"error_code":40403,"message":"Consumer instance not found."}&#13;
	at ✽.Then status 200 (kafka3.feature:57)&#13;

* print response .......................................................... skipped
Given url "http://192.168.1.62:8082" ...................................... passed
Given path "/consumers/my-consumer-group/instances/vijay_consumer/assignments" . passed
And header Accept = "application/vnd.kafka.v2+json" ....................... passed
When method get ........................................................... passed
Then status 200 ........................................................... failed

Stack Trace:
com.intuit.karate.exception.KarateException: kafka3.feature:65 - status code was: 404, expected: 200, response time: 32, url: http://192.168.1.62:8082/consumers/my-consumer-group/instances/vijay_consumer/assignments, response: {"error_code":40403,"message":"Consumer instance not found."}&#13;
	at ✽.Then status 200 (kafka3.feature:65)&#13;

* print response .......................................................... skipped
* assert response.partitions[0].topic == "vijay_topic" .................... skipped
Given url "http://192.168.1.62:8082" ...................................... passed
Given path "/consumers/my-consumer-group/instances/vijay_consumer/subscription" . passed
And header Accept = "application/vnd.kafka.v2+json" ....................... passed
When method delete ........................................................ passed
Then status 204 ........................................................... failed

Stack Trace:
com.intuit.karate.exception.KarateException: kafka3.feature:75 - status code was: 404, expected: 204, response time: 47, url: http://192.168.1.62:8082/consumers/my-consumer-group/instances/vijay_consumer/subscription, response: {"error_code":40403,"message":"Consumer instance not found."}&#13;
	at ✽.Then status 204 (kafka3.feature:75)</failure>
  </testcase>
  <testcase classname="featurefiles.kafka3" name="Deleting consumer" time="0.013246">
    <system-out>Given url "http://192.168.1.62:8082" ...................................... passed
Given path "/consumers/my-consumer-group" ................................. passed
And request ............................................................... passed
And header Content-Type = "application/vnd.kafka.json.v2+json" ............ passed
When method post .......................................................... passed
Then status 200 ........................................................... passed
* print response .......................................................... passed
* match response.instance_id == "vijay_consumer" .......................... passed
* def consumer_url = response.base_uri .................................... passed
* print consumer_url ...................................................... passed
Given url "http://192.168.1.62:8082" ...................................... passed
Given path "/consumers/my-consumer-group/instances/vijay_consumer/subscription" . passed
And request ............................................................... passed
And header Content-Type = "application/vnd.kafka.v2+json" ................. passed
When method post .......................................................... passed
Then status 204 ........................................................... failed

Stack Trace:
com.intuit.karate.exception.KarateException: kafka3.feature:38 - status code was: 404, expected: 204, response time: 47, url: http://192.168.1.62:8082/consumers/my-consumer-group/instances/vijay_consumer/subscription, response: {"error_code":40403,"message":"Consumer instance not found."}&#13;
	at ✽.Then status 204 (kafka3.feature:38)&#13;

Given url "http://192.168.1.62:8082" ...................................... passed
Given path "/consumers/my-consumer-group/instances/vijay_consumer/subscription" . passed
And header Accept = "application/vnd.kafka.v2+json" ....................... passed
When method get ........................................................... passed
Then status 200 ........................................................... failed

Stack Trace:
com.intuit.karate.exception.KarateException: kafka3.feature:46 - status code was: 404, expected: 200, response time: 32, url: http://192.168.1.62:8082/consumers/my-consumer-group/instances/vijay_consumer/subscription, response: {"error_code":40403,"message":"Consumer instance not found."}&#13;
	at ✽.Then status 200 (kafka3.feature:46)&#13;

* print response .......................................................... skipped
* assert response.topics[0] == "vijay_topic" .............................. skipped
Given url "http://192.168.1.62:8082" ...................................... passed
Given path "/consumers/my-consumer-group/instances/vijay_consumer/records" . passed
And param timeout = 3000 .................................................. passed
And param max_bytes = 300000 .............................................. passed
And header Accept = "application/vnd.kafka.json.v2+json" .................. passed
When method get ........................................................... passed
Then status 200 ........................................................... failed

Stack Trace:
com.intuit.karate.exception.KarateException: kafka3.feature:57 - status code was: 404, expected: 200, response time: 25, url: http://192.168.1.62:8082/consumers/my-consumer-group/instances/vijay_consumer/records?timeout=3000&amp;max_bytes=300000, response: {"error_code":40403,"message":"Consumer instance not found."}&#13;
	at ✽.Then status 200 (kafka3.feature:57)&#13;

* print response .......................................................... skipped
Given url "http://192.168.1.62:8082" ...................................... passed
Given path "/consumers/my-consumer-group/instances/vijay_consumer/assignments" . passed
And header Accept = "application/vnd.kafka.v2+json" ....................... passed
When method get ........................................................... passed
Then status 200 ........................................................... failed

Stack Trace:
com.intuit.karate.exception.KarateException: kafka3.feature:65 - status code was: 404, expected: 200, response time: 32, url: http://192.168.1.62:8082/consumers/my-consumer-group/instances/vijay_consumer/assignments, response: {"error_code":40403,"message":"Consumer instance not found."}&#13;
	at ✽.Then status 200 (kafka3.feature:65)&#13;

* print response .......................................................... skipped
* assert response.partitions[0].topic == "vijay_topic" .................... skipped
Given url "http://192.168.1.62:8082" ...................................... passed
Given path "/consumers/my-consumer-group/instances/vijay_consumer/subscription" . passed
And header Accept = "application/vnd.kafka.v2+json" ....................... passed
When method delete ........................................................ passed
Then status 204 ........................................................... failed

Stack Trace:
com.intuit.karate.exception.KarateException: kafka3.feature:75 - status code was: 404, expected: 204, response time: 47, url: http://192.168.1.62:8082/consumers/my-consumer-group/instances/vijay_consumer/subscription, response: {"error_code":40403,"message":"Consumer instance not found."}&#13;
	at ✽.Then status 204 (kafka3.feature:75)&#13;

Given url "http://192.168.1.62:8082" ...................................... passed
Given path "/consumers/my-consumer-group/instances/vijay_consumer" ........ passed
And header Accept = "application/vnd.kafka.v2+json" ....................... passed
When method delete ........................................................ passed
Then status 204 ........................................................... passed</system-out>
  </testcase>
  <testcase classname="featurefiles.kafka3" name="Deleting consumer - Negative Test Case" time="0.021724">
    <system-out>Given url "http://192.168.1.62:8082" ...................................... passed
Given path "/consumers/my-consumer-group" ................................. passed
And request ............................................................... passed
And header Content-Type = "application/vnd.kafka.json.v2+json" ............ passed
When method post .......................................................... passed
Then status 200 ........................................................... passed
* print response .......................................................... passed
* match response.instance_id == "vijay_consumer" .......................... passed
* def consumer_url = response.base_uri .................................... passed
* print consumer_url ...................................................... passed
Given url "http://192.168.1.62:8082" ...................................... passed
Given path "/consumers/my-consumer-group/instances/vijay_consumer/subscription" . passed
And request ............................................................... passed
And header Content-Type = "application/vnd.kafka.v2+json" ................. passed
When method post .......................................................... passed
Then status 204 ........................................................... failed

Stack Trace:
com.intuit.karate.exception.KarateException: kafka3.feature:38 - status code was: 404, expected: 204, response time: 47, url: http://192.168.1.62:8082/consumers/my-consumer-group/instances/vijay_consumer/subscription, response: {"error_code":40403,"message":"Consumer instance not found."}&#13;
	at ✽.Then status 204 (kafka3.feature:38)&#13;

Given url "http://192.168.1.62:8082" ...................................... passed
Given path "/consumers/my-consumer-group/instances/vijay_consumer/subscription" . passed
And header Accept = "application/vnd.kafka.v2+json" ....................... passed
When method get ........................................................... passed
Then status 200 ........................................................... failed

Stack Trace:
com.intuit.karate.exception.KarateException: kafka3.feature:46 - status code was: 404, expected: 200, response time: 32, url: http://192.168.1.62:8082/consumers/my-consumer-group/instances/vijay_consumer/subscription, response: {"error_code":40403,"message":"Consumer instance not found."}&#13;
	at ✽.Then status 200 (kafka3.feature:46)&#13;

* print response .......................................................... skipped
* assert response.topics[0] == "vijay_topic" .............................. skipped
Given url "http://192.168.1.62:8082" ...................................... passed
Given path "/consumers/my-consumer-group/instances/vijay_consumer/records" . passed
And param timeout = 3000 .................................................. passed
And param max_bytes = 300000 .............................................. passed
And header Accept = "application/vnd.kafka.json.v2+json" .................. passed
When method get ........................................................... passed
Then status 200 ........................................................... failed

Stack Trace:
com.intuit.karate.exception.KarateException: kafka3.feature:57 - status code was: 404, expected: 200, response time: 25, url: http://192.168.1.62:8082/consumers/my-consumer-group/instances/vijay_consumer/records?timeout=3000&amp;max_bytes=300000, response: {"error_code":40403,"message":"Consumer instance not found."}&#13;
	at ✽.Then status 200 (kafka3.feature:57)&#13;

* print response .......................................................... skipped
Given url "http://192.168.1.62:8082" ...................................... passed
Given path "/consumers/my-consumer-group/instances/vijay_consumer/assignments" . passed
And header Accept = "application/vnd.kafka.v2+json" ....................... passed
When method get ........................................................... passed
Then status 200 ........................................................... failed

Stack Trace:
com.intuit.karate.exception.KarateException: kafka3.feature:65 - status code was: 404, expected: 200, response time: 32, url: http://192.168.1.62:8082/consumers/my-consumer-group/instances/vijay_consumer/assignments, response: {"error_code":40403,"message":"Consumer instance not found."}&#13;
	at ✽.Then status 200 (kafka3.feature:65)&#13;

* print response .......................................................... skipped
* assert response.partitions[0].topic == "vijay_topic" .................... skipped
Given url "http://192.168.1.62:8082" ...................................... passed
Given path "/consumers/my-consumer-group/instances/vijay_consumer/subscription" . passed
And header Accept = "application/vnd.kafka.v2+json" ....................... passed
When method delete ........................................................ passed
Then status 204 ........................................................... failed

Stack Trace:
com.intuit.karate.exception.KarateException: kafka3.feature:75 - status code was: 404, expected: 204, response time: 47, url: http://192.168.1.62:8082/consumers/my-consumer-group/instances/vijay_consumer/subscription, response: {"error_code":40403,"message":"Consumer instance not found."}&#13;
	at ✽.Then status 204 (kafka3.feature:75)&#13;

Given url "http://192.168.1.62:8082" ...................................... passed
Given path "/consumers/my-consumer-group/instances/vijay_consumer" ........ passed
And header Accept = "application/vnd.kafka.v2+json" ....................... passed
When method delete ........................................................ passed
Then status 204 ........................................................... passed
Given url "http://192.168.1.62:8082" ...................................... passed
Given path "/consumers/my-consumer-group/instances/vijay_consumer" ........ passed
And header Accept = "application/vnd.kafka.v2+json" ....................... passed
When method delete ........................................................ passed
Then status 404 ........................................................... passed
* assert response.message == "Consumer instance not found." ............... passed</system-out>
  </testcase>
</testsuite>
