<testsuite failures="0" name="featurefiles/karate01.feature" skipped="0" tests="3" time="0.083049">
  <testcase classname="featurefiles.karate01" name="Karate Test case 1" time="0.057059">
    <system-out>Given def a = 10 .......................................................... passed
And def b = 20 ............................................................ passed
When def c = a + b ........................................................ passed
Then assert c == 30 ....................................................... passed
And print "c= ",c ......................................................... passed
And karate.log("End of Test") ............................................. passed</system-out>
  </testcase>
  <testcase classname="featurefiles.karate01" name="Karate Test case 2" time="0.004369">
    <system-out>Given def a = 10 .......................................................... passed
And def b = 20 ............................................................ passed
When def c = a + b ........................................................ passed
Then assert c == 30 ....................................................... passed
And print "c= ",c ......................................................... passed
And karate.log("End of Test") ............................................. passed
Given def a = 10 .......................................................... passed
* def b = 20 .............................................................. passed
When def c = a + b ........................................................ passed
Then assert c == 30 ....................................................... passed
* print "c= ",c ........................................................... passed
* karate.log("End of Test") ............................................... passed</system-out>
  </testcase>
  <testcase classname="featurefiles.karate01" name="Karate Test case 3" time="0.021621">
    <system-out>Given def a = 10 .......................................................... passed
And def b = 20 ............................................................ passed
When def c = a + b ........................................................ passed
Then assert c == 30 ....................................................... passed
And print "c= ",c ......................................................... passed
And karate.log("End of Test") ............................................. passed
Given def a = 10 .......................................................... passed
* def b = 20 .............................................................. passed
When def c = a + b ........................................................ passed
Then assert c == 30 ....................................................... passed
* print "c= ",c ........................................................... passed
* karate.log("End of Test") ............................................... passed
* def a = 10 .............................................................. passed
* def b = 20 .............................................................. passed
* def c = a + b ........................................................... passed
* assert c == 30 .......................................................... passed
* print "c= ",c ........................................................... passed
* karate.log("End of Test") ............................................... passed</system-out>
  </testcase>
</testsuite>
