<testsuite failures="0" name="featurefiles/karate16_writeing_responseToFile.feature" skipped="0" tests="2" time="0.3317">
  <testcase classname="featurefiles.karate16_writeing_responseToFile" name="Writeing file" time="0.327811">
    <system-out>* def util = Java.type("misc.Util") ....................................... passed
Given url "https://reqres.in/api/users?page=2" ............................ passed
When method get ........................................................... passed
Then status 200 ........................................................... passed
* def res = get response .................................................. passed
* print res ............................................................... passed
* util.writeToFile("result.json",res) ..................................... passed</system-out>
  </testcase>
  <testcase classname="featurefiles.karate16_writeing_responseToFile" name="Reading Result File" time="0.003889">
    <system-out>* def util = Java.type("misc.Util") ....................................... passed
Given url "https://reqres.in/api/users?page=2" ............................ passed
When method get ........................................................... passed
Then status 200 ........................................................... passed
* def res = get response .................................................. passed
* print res ............................................................... passed
* util.writeToFile("result.json",res) ..................................... passed
* def data = read("classpath:result.json") ................................ passed
* print data .............................................................. passed</system-out>
  </testcase>
</testsuite>
