<testsuite failures="0" name="featurefiles/karate14_java.feature" skipped="0" tests="2" time="0.019904">
  <testcase classname="featurefiles.karate14_java" name="Non static method function TC" time="0.013869">
    <system-out>* def env1 = .............................................................. passed
* print env1() ............................................................ passed</system-out>
  </testcase>
  <testcase classname="featurefiles.karate14_java" name="static method function TC" time="0.006035">
    <system-out>* def env1 = .............................................................. passed
* print env1() ............................................................ passed
* def env2 = .............................................................. passed
* print env2() ............................................................ passed</system-out>
  </testcase>
</testsuite>
