<testsuite failures="0" name="featurefiles/karate05_rest.feature" skipped="0" tests="1" time="1.216747">
  <testcase classname="featurefiles.karate05_rest" name="Rest Test case 1" time="1.216747">
    <system-out>Given url "https://www.w3schools.com/xml/tempconvert.asmx/CelsiusToFahrenheit" . passed
And header Content-Type = "application/x-www-form-urlencoded" ............. passed
And request "Celsius=40" .................................................. passed
When method POST .......................................................... passed
Then status 200 ........................................................... passed
* print responseHeaders ................................................... passed
* print responseType ...................................................... passed
* print responseTime ...................................................... passed
* print response .......................................................... passed
* match responseType == "xml" ............................................. passed
* assert responseTime &lt;= 2000 ............................................. passed
* match response //string == "104" ........................................ passed</system-out>
  </testcase>
</testsuite>
